SlidingLibrary/build/outputs/logs/manifest-merger-release-report.txt
-- Merging decision tree log ---
manifest
ADDED from zxmyAndroid\SlidingLibrary\AndroidManifest.xml:2:1-9:12
INJECTED from zxmyAndroid\SlidingLibrary\AndroidManifest.xml:2:1-9:12
INJECTED from zxmyAndroid\SlidingLibrary\AndroidManifest.xml:2:1-9:12
	package
		ADDED from zxmyAndroid\SlidingLibrary\AndroidManifest.xml:3:5-50
		INJECTED from zxmyAndroid\SlidingLibrary\AndroidManifest.xml
		INJECTED from zxmyAndroid\SlidingLibrary\AndroidManifest.xml
	xmlns:android
		ADDED from zxmyAndroid\SlidingLibrary\AndroidManifest.xml:2:11-69
uses-sdk
ADDED from zxmyAndroid\SlidingLibrary\AndroidManifest.xml:5:5-7:41
	android:targetSdkVersion
		ADDED from zxmyAndroid\SlidingLibrary\AndroidManifest.xml:7:9-38
	android:minSdkVersion
		ADDED from zxmyAndroid\SlidingLibrary\AndroidManifest.xml:6:9-35